<?xml version="1.0" encoding="UTF-8"?>
<testng-results skipped="0" failed="0" ignored="0" total="1" passed="1">
  <reporter-output>
  </reporter-output>
  <suite name="Default suite" duration-ms="9716" started-at="2019-02-13T11:05:55Z" finished-at="2019-02-13T11:06:05Z">
    <groups>
    </groups>
    <test name="Default test" duration-ms="9716" started-at="2019-02-13T11:05:55Z" finished-at="2019-02-13T11:06:05Z">
      <class name="interviewquestions.StaleElementDemo">
        <test-method status="PASS" signature="setUp()[pri:0, instance:interviewquestions.StaleElementDemo@14acaea5]" name="setUp" is-config="true" duration-ms="8214" started-at="2019-02-13T11:05:55Z" finished-at="2019-02-13T11:06:03Z">
          <reporter-output>
          </reporter-output>
        </test-method> <!-- setUp -->
        <test-method status="PASS" signature="test1()[pri:0, instance:interviewquestions.StaleElementDemo@14acaea5]" name="test1" duration-ms="1467" started-at="2019-02-13T11:06:03Z" finished-at="2019-02-13T11:06:05Z">
          <reporter-output>
          </reporter-output>
        </test-method> <!-- test1 -->
        <test-method status="PASS" signature="tearDown()[pri:0, instance:interviewquestions.StaleElementDemo@14acaea5]" name="tearDown" is-config="true" duration-ms="0" started-at="2019-02-13T11:06:05Z" finished-at="2019-02-13T11:06:05Z">
          <reporter-output>
          </reporter-output>
        </test-method> <!-- tearDown -->
      </class> <!-- interviewquestions.StaleElementDemo -->
    </test> <!-- Default test -->
  </suite> <!-- Default suite -->
</testng-results>
